<?xml version="1.0" encoding="UTF-8"?>
<testsuite xmlns:xsi="http://www.w3.org/2001/XMLSchema-instance" xsi:noNamespaceSchemaLocation="https://maven.apache.org/surefire/maven-surefire-plugin/xsd/surefire-test-report-3.0.xsd" version="3.0" name="com.example.devopsproject.repositories.TeacherRepositoryTest" time="0.07" tests="3" errors="0" skipped="0" failures="0">
  <properties>
[...]
</properties>
  <testcase name="testSaveNewTeacher" classname="com.example.devopsproject.repositories.TeacherRepositoryTest" time="0.03">
    <system-out><![CDATA[2022-12-07 19:15:47.286  INFO 10352 --- [           main] .b.t.c.SpringBootTestContextBootstrapper : Neither @ContextConfiguration nor @ContextHierarchy found for test class [com.example.devopsproject.repositories.TeacherRepositoryTest], using SpringBootContextLoader
2022-12-07 19:15:47.287  INFO 10352 --- [           main] o.s.t.c.support.AbstractContextLoader    : Could not detect default resource locations for test class [com.example.devopsproject.repositories.TeacherRepositoryTest]: no resource found for suffixes {-context.xml, Context.groovy}.
2022-12-07 19:15:47.288  INFO 10352 --- [           main] t.c.s.AnnotationConfigContextLoaderUtils : Could not detect default configuration classes for test class [com.example.devopsproject.repositories.TeacherRepositoryTest]: TeacherRepositoryTest does not declare any static, non-private, non-final, nested classes annotated with @Configuration.
2022-12-07 19:15:47.290  INFO 10352 --- [           main] .b.t.c.SpringBootTestContextBootstrapper : Found @SpringBootConfiguration com.example.devopsproject.DevopsProjectApplication for test class com.example.devopsproject.repositories.TeacherRepositoryTest
2022-12-07 19:15:47.291  INFO 10352 --- [           main] .b.t.c.SpringBootTestContextBootstrapper : Loaded default TestExecutionListener class names from location [META-INF/spring.factories]: [org.springframework.boot.test.mock.mockito.MockitoTestExecutionListener, org.springframework.boot.test.mock.mockito.ResetMocksTestExecutionListener, org.springframework.boot.test.autoconfigure.restdocs.RestDocsTestExecutionListener, org.springframework.boot.test.autoconfigure.web.client.MockRestServiceServerResetTestExecutionListener, org.springframework.boot.test.autoconfigure.web.servlet.MockMvcPrintOnlyOnFailureTestExecutionListener, org.springframework.boot.test.autoconfigure.web.servlet.WebDriverTestExecutionListener, org.springframework.boot.test.autoconfigure.webservices.client.MockWebServiceServerTestExecutionListener, org.springframework.test.context.web.ServletTestExecutionListener, org.springframework.test.context.support.DirtiesContextBeforeModesTestExecutionListener, org.springframework.test.context.event.ApplicationEventsTestExecutionListener, org.springframework.test.context.support.DependencyInjectionTestExecutionListener, org.springframework.test.context.support.DirtiesContextTestExecutionListener, org.springframework.test.context.transaction.TransactionalTestExecutionListener, org.springframework.test.context.jdbc.SqlScriptsTestExecutionListener, org.springframework.test.context.event.EventPublishingTestExecutionListener]
2022-12-07 19:15:47.292  INFO 10352 --- [           main] .b.t.c.SpringBootTestContextBootstrapper : Using TestExecutionListeners: [org.springframework.test.context.web.ServletTestExecutionListener@20470dbb, org.springframework.test.context.support.DirtiesContextBeforeModesTestExecutionListener@3c3dfe42, org.springframework.test.context.event.ApplicationEventsTestExecutionListener@33e11c99, org.springframework.boot.test.mock.mockito.MockitoTestExecutionListener@4f5ad6c6, org.springframework.boot.test.autoconfigure.SpringBootDependencyInjectionTestExecutionListener@57682043, org.springframework.test.context.support.DirtiesContextTestExecutionListener@4740b02, org.springframework.test.context.transaction.TransactionalTestExecutionListener@3f4acac1, org.springframework.test.context.jdbc.SqlScriptsTestExecutionListener@263fd708, org.springframework.test.context.event.EventPublishingTestExecutionListener@304381b4, org.springframework.boot.test.mock.mockito.ResetMocksTestExecutionListener@144bb0a5, org.springframework.boot.test.autoconfigure.restdocs.RestDocsTestExecutionListener@7dbe6c2f, org.springframework.boot.test.autoconfigure.web.client.MockRestServiceServerResetTestExecutionListener@25e16307, org.springframework.boot.test.autoconfigure.web.servlet.MockMvcPrintOnlyOnFailureTestExecutionListener@983082e, org.springframework.boot.test.autoconfigure.web.servlet.WebDriverTestExecutionListener@40045f23, org.springframework.boot.test.autoconfigure.webservices.client.MockWebServiceServerTestExecutionListener@4ed59c18]
]]></system-out>
  </testcase>
  <testcase name="testGetTeacherById" classname="com.example.devopsproject.repositories.TeacherRepositoryTest" time="0.013"/>
  <testcase name="testGetAllTeachers" classname="com.example.devopsproject.repositories.TeacherRepositoryTest" time="0.01"/>
</testsuite>