<?xml version="1.0" encoding="UTF-8"?>
<testsuite xmlns:xsi="http://www.w3.org/2001/XMLSchema-instance" xsi:noNamespaceSchemaLocation="https://maven.apache.org/surefire/maven-surefire-plugin/xsd/surefire-test-report-3.0.xsd" version="3.0" name="com.example.devopsproject.repositories.StudentRepositoryTest" time="20.193" tests="3" errors="0" skipped="0" failures="0">
  <properties>
[...]
</properties>
  <testcase name="testSaveNewStudent" classname="com.example.devopsproject.repositories.StudentRepositoryTest" time="2.46">
    <system-out><![CDATA[2022-12-07 14:06:01.158  INFO 1285 --- [           main] .b.t.c.SpringBootTestContextBootstrapper : Neither @ContextConfiguration nor @ContextHierarchy found for test class [com.example.devopsproject.repositories.StudentRepositoryTest], using SpringBootContextLoader
2022-12-07 14:06:01.198  INFO 1285 --- [           main] o.s.t.c.support.AbstractContextLoader    : Could not detect default resource locations for test class [com.example.devopsproject.repositories.StudentRepositoryTest]: no resource found for suffixes {-context.xml, Context.groovy}.
2022-12-07 14:06:01.199  INFO 1285 --- [           main] t.c.s.AnnotationConfigContextLoaderUtils : Could not detect default configuration classes for test class [com.example.devopsproject.repositories.StudentRepositoryTest]: StudentRepositoryTest does not declare any static, non-private, non-final, nested classes annotated with @Configuration.
2022-12-07 14:06:01.380  INFO 1285 --- [           main] .b.t.c.SpringBootTestContextBootstrapper : Found @SpringBootConfiguration com.example.devopsproject.DevopsProjectApplication for test class com.example.devopsproject.repositories.StudentRepositoryTest
2022-12-07 14:06:01.394  INFO 1285 --- [           main] .b.t.c.SpringBootTestContextBootstrapper : Loaded default TestExecutionListener class names from location [META-INF/spring.factories]: [org.springframework.boot.test.mock.mockito.MockitoTestExecutionListener, org.springframework.boot.test.mock.mockito.ResetMocksTestExecutionListener, org.springframework.boot.test.autoconfigure.restdocs.RestDocsTestExecutionListener, org.springframework.boot.test.autoconfigure.web.client.MockRestServiceServerResetTestExecutionListener, org.springframework.boot.test.autoconfigure.web.servlet.MockMvcPrintOnlyOnFailureTestExecutionListener, org.springframework.boot.test.autoconfigure.web.servlet.WebDriverTestExecutionListener, org.springframework.boot.test.autoconfigure.webservices.client.MockWebServiceServerTestExecutionListener, org.springframework.test.context.web.ServletTestExecutionListener, org.springframework.test.context.support.DirtiesContextBeforeModesTestExecutionListener, org.springframework.test.context.event.ApplicationEventsTestExecutionListener, org.springframework.test.context.support.DependencyInjectionTestExecutionListener, org.springframework.test.context.support.DirtiesContextTestExecutionListener, org.springframework.test.context.transaction.TransactionalTestExecutionListener, org.springframework.test.context.jdbc.SqlScriptsTestExecutionListener, org.springframework.test.context.event.EventPublishingTestExecutionListener]
2022-12-07 14:06:01.395  INFO 1285 --- [           main] .b.t.c.SpringBootTestContextBootstrapper : Using TestExecutionListeners: [org.springframework.test.context.web.ServletTestExecutionListener@12db273d, org.springframework.test.context.support.DirtiesContextBeforeModesTestExecutionListener@10a57032, org.springframework.test.context.event.ApplicationEventsTestExecutionListener@71cd382e, org.springframework.boot.test.mock.mockito.MockitoTestExecutionListener@40f945b9, org.springframework.boot.test.autoconfigure.SpringBootDependencyInjectionTestExecutionListener@b507054, org.springframework.test.context.support.DirtiesContextTestExecutionListener@30cfa5ec, org.springframework.test.context.transaction.TransactionalTestExecutionListener@28dbe793, org.springframework.test.context.jdbc.SqlScriptsTestExecutionListener@2205bbbc, org.springframework.test.context.event.EventPublishingTestExecutionListener@2adfbd78, org.springframework.boot.test.mock.mockito.ResetMocksTestExecutionListener@67729d0a, org.springframework.boot.test.autoconfigure.restdocs.RestDocsTestExecutionListener@10620908, org.springframework.boot.test.autoconfigure.web.client.MockRestServiceServerResetTestExecutionListener@1fb598e3, org.springframework.boot.test.autoconfigure.web.servlet.MockMvcPrintOnlyOnFailureTestExecutionListener@4856c210, org.springframework.boot.test.autoconfigure.web.servlet.WebDriverTestExecutionListener@3b3f9cdd, org.springframework.boot.test.autoconfigure.webservices.client.MockWebServiceServerTestExecutionListener@3b95e8fb]

  .   ____          _            __ _ _
 /\\ / ___'_ __ _ _(_)_ __  __ _ \ \ \ \
( ( )\___ | '_ | '_| | '_ \/ _` | \ \ \ \
 \\/  ___)| |_)| | | | | || (_| |  ) ) ) )
  '  |____| .__|_| |_|_| |_\__, | / / / /
 =========|_|==============|___/=/_/_/_/
 :: Spring Boot ::                (v2.7.4)

2022-12-07 14:06:01.541  INFO 1285 --- [           main] c.e.d.r.StudentRepositoryTest            : Starting StudentRepositoryTest using Java 11.0.15 on DESKTOP-6JM5VC9 with PID 1285 (started by haflout in /mnt/c/Users/Oussema/Desktop/last/devopsproject)
2022-12-07 14:06:01.542  INFO 1285 --- [           main] c.e.d.r.StudentRepositoryTest            : The following 1 profile is active: "test1"
2022-12-07 14:06:03.251  INFO 1285 --- [           main] .s.d.r.c.RepositoryConfigurationDelegate : Bootstrapping Spring Data JPA repositories in DEFAULT mode.
2022-12-07 14:06:03.876  INFO 1285 --- [           main] .s.d.r.c.RepositoryConfigurationDelegate : Finished Spring Data repository scanning in 624 ms. Found 2 JPA repository interfaces.
2022-12-07 14:06:06.715  INFO 1285 --- [           main] o.hibernate.jpa.internal.util.LogHelper  : HHH000204: Processing PersistenceUnitInfo [name: default]
2022-12-07 14:06:06.946  INFO 1285 --- [           main] org.hibernate.dialect.Dialect            : HHH000400: Using dialect: org.hibernate.dialect.MySQL5Dialect
2022-12-07 14:06:07.513  INFO 1285 --- [           main] o.h.e.t.j.p.i.JtaPlatformInitiator       : HHH000490: Using JtaPlatform implementation: [org.hibernate.engine.transaction.jta.platform.internal.NoJtaPlatform]
2022-12-07 14:06:07.630  INFO 1285 --- [           main] j.LocalContainerEntityManagerFactoryBean : Initialized JPA EntityManagerFactory for persistence unit 'default'
2022-12-07 14:06:11.294  WARN 1285 --- [           main] JpaBaseConfiguration$JpaWebConfiguration : spring.jpa.open-in-view is enabled by default. Therefore, database queries may be performed during view rendering. Explicitly configure spring.jpa.open-in-view to disable this warning
2022-12-07 14:06:17.812  INFO 1285 --- [           main] c.e.d.r.StudentRepositoryTest            : Started StudentRepositoryTest in 16.409 seconds (JVM running for 45.209)
2022-12-07 14:06:18.788  INFO 1285 --- [           main] org.dbunit.database.DatabaseConfig       : The property ending with 'replacers' was not found. Please notify a dbunit developer to add the property to the class org.dbunit.database.DatabaseConfig
]]></system-out>
  </testcase>
  <testcase name="testGetAllStudents" classname="com.example.devopsproject.repositories.StudentRepositoryTest" time="0.842">
    <system-out><![CDATA[2022-12-07 14:06:20.414  INFO 1285 --- [           main] c.g.d.r.c.dataset.DataSetExecutorImpl    : DBUnit configuration for dataset executor 'junit5':
cacheConnection: true
cacheTableNames: true
mergeDataSets: false
caseSensitiveTableNames: false
caseInsensitiveStrategy: UPPERCASE
leakHunter: false
allowEmptyFields: false
fetchSize: 100
qualifiedTableNames: false
batchSize: 100
batchedStatements: false
caseSensitiveTableNames: false
replacers: [com.github.database.rider.core.replacers.DateTimeReplacer@20fe7ef2, com.github.database.rider.core.replacers.UnixTimestampReplacer@684afe38, com.github.database.rider.core.replacers.NullReplacer@a2ff6aa]

]]></system-out>
  </testcase>
  <testcase name="testGetStudentById" classname="com.example.devopsproject.repositories.StudentRepositoryTest" time="0.101"/>
</testsuite>